mode: set
github.com/wombatwisdom/wombat/cmd/wombat/main.go:12.13,19.2 1 0
github.com/wombatwisdom/wombat/internal/docs/docs.go:82.81,84.16 2 0
github.com/wombatwisdom/wombat/internal/docs/docs.go:84.16,86.3 1 0
github.com/wombatwisdom/wombat/internal/docs/docs.go:88.2,89.34 2 0
github.com/wombatwisdom/wombat/internal/docs/docs.go:89.34,91.3 1 0
github.com/wombatwisdom/wombat/internal/docs/docs.go:93.2,94.32 2 0
github.com/wombatwisdom/wombat/internal/docs/docs.go:94.32,96.3 1 0
github.com/wombatwisdom/wombat/internal/docs/docs.go:98.2,109.8 1 0
github.com/wombatwisdom/wombat/internal/docs/docs.go:112.82,116.36 3 0
github.com/wombatwisdom/wombat/internal/docs/docs.go:116.36,118.3 1 0
github.com/wombatwisdom/wombat/internal/docs/docs.go:120.2,121.34 2 0
github.com/wombatwisdom/wombat/internal/docs/docs.go:121.34,123.3 1 0
github.com/wombatwisdom/wombat/internal/docs/docs.go:125.2,126.42 2 0
github.com/wombatwisdom/wombat/internal/docs/docs.go:126.42,134.3 1 0
github.com/wombatwisdom/wombat/internal/docs/docs.go:136.2,146.8 1 0
github.com/wombatwisdom/wombat/internal/docs/docs.go:149.86,153.34 3 0
github.com/wombatwisdom/wombat/internal/docs/docs.go:153.34,155.3 1 0
github.com/wombatwisdom/wombat/internal/docs/docs.go:157.2,158.42 2 0
github.com/wombatwisdom/wombat/internal/docs/docs.go:158.42,166.3 1 0
github.com/wombatwisdom/wombat/internal/docs/docs.go:168.2,178.8 1 0
github.com/wombatwisdom/wombat/internal/docs/docs.go:181.83,186.2 1 0
github.com/wombatwisdom/wombat/internal/docs/docs.go:188.80,194.2 1 0
github.com/wombatwisdom/wombat/internal/docs/docs.go:196.71,210.2 1 0
github.com/wombatwisdom/wombat/internal/docs/docs.go:212.44,214.2 1 0
github.com/wombatwisdom/wombat/internal/docs/scanner.go:41.31,46.2 1 0
github.com/wombatwisdom/wombat/internal/docs/scanner.go:53.53,66.2 11 0
github.com/wombatwisdom/wombat/internal/docs/scanner.go:68.56,70.2 1 0
github.com/wombatwisdom/wombat/internal/docs/scanner.go:72.93,73.54 1 0
github.com/wombatwisdom/wombat/internal/docs/scanner.go:73.54,75.17 2 0
github.com/wombatwisdom/wombat/internal/docs/scanner.go:75.17,78.4 2 0
github.com/wombatwisdom/wombat/internal/docs/scanner.go:80.3,80.9 1 0
github.com/wombatwisdom/wombat/internal/docs/scanner.go:84.97,85.56 1 0
github.com/wombatwisdom/wombat/internal/docs/scanner.go:85.56,87.17 2 0
github.com/wombatwisdom/wombat/internal/docs/scanner.go:87.17,90.4 2 0
github.com/wombatwisdom/wombat/internal/docs/scanner.go:92.3,92.9 1 0
github.com/wombatwisdom/wombat/internal/docs/scanner.go:96.88,97.55 1 0
github.com/wombatwisdom/wombat/internal/docs/scanner.go:97.55,99.17 2 0
github.com/wombatwisdom/wombat/internal/docs/scanner.go:99.17,102.4 2 0
github.com/wombatwisdom/wombat/internal/docs/scanner.go:104.3,104.9 1 0
github.com/wombatwisdom/wombat/internal/impl/splunk/init.go:11.13,12.77 1 0
github.com/wombatwisdom/wombat/internal/impl/splunk/init.go:12.77,13.13 1 0
github.com/wombatwisdom/wombat/internal/impl/snowflake/output_snowflake_put.go:53.53,382.2 1 1
github.com/wombatwisdom/wombat/internal/impl/snowflake/output_snowflake_put.go:384.13,391.5 1 1
github.com/wombatwisdom/wombat/internal/impl/snowflake/output_snowflake_put.go:391.5,392.69 1 0
github.com/wombatwisdom/wombat/internal/impl/snowflake/output_snowflake_put.go:392.69,394.5 1 0
github.com/wombatwisdom/wombat/internal/impl/snowflake/output_snowflake_put.go:395.4,395.72 1 0
github.com/wombatwisdom/wombat/internal/impl/snowflake/output_snowflake_put.go:395.72,397.5 1 0
github.com/wombatwisdom/wombat/internal/impl/snowflake/output_snowflake_put.go:398.4,399.10 2 0
github.com/wombatwisdom/wombat/internal/impl/snowflake/output_snowflake_put.go:401.2,401.16 1 1
github.com/wombatwisdom/wombat/internal/impl/snowflake/output_snowflake_put.go:401.16,402.13 1 0
github.com/wombatwisdom/wombat/internal/impl/snowflake/output_snowflake_put.go:410.79,412.16 2 0
github.com/wombatwisdom/wombat/internal/impl/snowflake/output_snowflake_put.go:412.16,414.3 1 0
github.com/wombatwisdom/wombat/internal/impl/snowflake/output_snowflake_put.go:415.2,415.31 1 0
github.com/wombatwisdom/wombat/internal/impl/snowflake/output_snowflake_put.go:415.31,417.3 1 0
github.com/wombatwisdom/wombat/internal/impl/snowflake/output_snowflake_put.go:419.2,420.28 2 0
github.com/wombatwisdom/wombat/internal/impl/snowflake/output_snowflake_put.go:420.28,422.3 1 0
github.com/wombatwisdom/wombat/internal/impl/snowflake/output_snowflake_put.go:424.2,424.53 1 0
github.com/wombatwisdom/wombat/internal/impl/snowflake/output_snowflake_put.go:424.53,425.23 1 0
github.com/wombatwisdom/wombat/internal/impl/snowflake/output_snowflake_put.go:425.23,427.4 1 0
github.com/wombatwisdom/wombat/internal/impl/snowflake/output_snowflake_put.go:431.3,432.17 2 0
github.com/wombatwisdom/wombat/internal/impl/snowflake/output_snowflake_put.go:432.17,434.4 1 0
github.com/wombatwisdom/wombat/internal/impl/snowflake/output_snowflake_put.go:436.3,436.25 1 0
github.com/wombatwisdom/wombat/internal/impl/snowflake/output_snowflake_put.go:439.2,440.16 2 0
github.com/wombatwisdom/wombat/internal/impl/snowflake/output_snowflake_put.go:440.16,442.3 1 0
github.com/wombatwisdom/wombat/internal/impl/snowflake/output_snowflake_put.go:444.2,445.9 2 0
github.com/wombatwisdom/wombat/internal/impl/snowflake/output_snowflake_put.go:445.9,447.3 1 0
github.com/wombatwisdom/wombat/internal/impl/snowflake/output_snowflake_put.go:448.2,448.27 1 0
github.com/wombatwisdom/wombat/internal/impl/snowflake/output_snowflake_put.go:454.80,457.16 3 0
github.com/wombatwisdom/wombat/internal/impl/snowflake/output_snowflake_put.go:457.16,459.3 1 0
github.com/wombatwisdom/wombat/internal/impl/snowflake/output_snowflake_put.go:461.2,462.68 2 0
github.com/wombatwisdom/wombat/internal/impl/snowflake/output_snowflake_put.go:506.113,516.62 3 0
github.com/wombatwisdom/wombat/internal/impl/snowflake/output_snowflake_put.go:516.62,518.3 1 0
github.com/wombatwisdom/wombat/internal/impl/snowflake/output_snowflake_put.go:520.2,522.29 2 0
github.com/wombatwisdom/wombat/internal/impl/snowflake/output_snowflake_put.go:522.29,524.59 2 0
github.com/wombatwisdom/wombat/internal/impl/snowflake/output_snowflake_put.go:524.59,526.4 1 0
github.com/wombatwisdom/wombat/internal/impl/snowflake/output_snowflake_put.go:527.3,527.38 1 0
github.com/wombatwisdom/wombat/internal/impl/snowflake/output_snowflake_put.go:530.2,530.28 1 0
github.com/wombatwisdom/wombat/internal/impl/snowflake/output_snowflake_put.go:530.28,532.57 2 0
github.com/wombatwisdom/wombat/internal/impl/snowflake/output_snowflake_put.go:532.57,534.4 1 0
github.com/wombatwisdom/wombat/internal/impl/snowflake/output_snowflake_put.go:535.3,535.37 1 0
github.com/wombatwisdom/wombat/internal/impl/snowflake/output_snowflake_put.go:538.2,538.56 1 0
github.com/wombatwisdom/wombat/internal/impl/snowflake/output_snowflake_put.go:538.56,540.3 1 0
github.com/wombatwisdom/wombat/internal/impl/snowflake/output_snowflake_put.go:542.2,543.31 2 0
github.com/wombatwisdom/wombat/internal/impl/snowflake/output_snowflake_put.go:543.31,544.63 1 0
github.com/wombatwisdom/wombat/internal/impl/snowflake/output_snowflake_put.go:544.63,546.4 1 0
github.com/wombatwisdom/wombat/internal/impl/snowflake/output_snowflake_put.go:549.2,550.54 2 0
github.com/wombatwisdom/wombat/internal/impl/snowflake/output_snowflake_put.go:550.54,552.3 1 0
github.com/wombatwisdom/wombat/internal/impl/snowflake/output_snowflake_put.go:554.2,554.64 1 0
github.com/wombatwisdom/wombat/internal/impl/snowflake/output_snowflake_put.go:554.64,556.3 1 0
github.com/wombatwisdom/wombat/internal/impl/snowflake/output_snowflake_put.go:558.2,559.64 2 0
github.com/wombatwisdom/wombat/internal/impl/snowflake/output_snowflake_put.go:559.64,561.3 1 0
github.com/wombatwisdom/wombat/internal/impl/snowflake/output_snowflake_put.go:563.2,563.60 1 0
github.com/wombatwisdom/wombat/internal/impl/snowflake/output_snowflake_put.go:563.60,565.3 1 0
github.com/wombatwisdom/wombat/internal/impl/snowflake/output_snowflake_put.go:567.2,567.70 1 0
github.com/wombatwisdom/wombat/internal/impl/snowflake/output_snowflake_put.go:567.70,569.3 1 0
github.com/wombatwisdom/wombat/internal/impl/snowflake/output_snowflake_put.go:571.2,571.68 1 0
github.com/wombatwisdom/wombat/internal/impl/snowflake/output_snowflake_put.go:571.68,573.3 1 0
github.com/wombatwisdom/wombat/internal/impl/snowflake/output_snowflake_put.go:575.2,575.77 1 0
github.com/wombatwisdom/wombat/internal/impl/snowflake/output_snowflake_put.go:575.77,577.3 1 0
github.com/wombatwisdom/wombat/internal/impl/snowflake/output_snowflake_put.go:579.2,579.87 1 0
github.com/wombatwisdom/wombat/internal/impl/snowflake/output_snowflake_put.go:579.87,581.3 1 0
github.com/wombatwisdom/wombat/internal/impl/snowflake/output_snowflake_put.go:583.2,584.87 2 0
github.com/wombatwisdom/wombat/internal/impl/snowflake/output_snowflake_put.go:584.87,586.3 1 0
github.com/wombatwisdom/wombat/internal/impl/snowflake/output_snowflake_put.go:588.2,589.16 2 0
github.com/wombatwisdom/wombat/internal/impl/snowflake/output_snowflake_put.go:589.16,591.3 1 0
github.com/wombatwisdom/wombat/internal/impl/snowflake/output_snowflake_put.go:593.2,596.21 3 0
github.com/wombatwisdom/wombat/internal/impl/snowflake/output_snowflake_put.go:597.27,600.29 3 0
github.com/wombatwisdom/wombat/internal/impl/snowflake/output_snowflake_put.go:601.27,604.36 3 0
github.com/wombatwisdom/wombat/internal/impl/snowflake/output_snowflake_put.go:605.27,608.29 3 0
github.com/wombatwisdom/wombat/internal/impl/snowflake/output_snowflake_put.go:609.30,612.42 3 0
github.com/wombatwisdom/wombat/internal/impl/snowflake/output_snowflake_put.go:613.33,616.42 3 0
github.com/wombatwisdom/wombat/internal/impl/snowflake/output_snowflake_put.go:617.32,620.42 3 0
github.com/wombatwisdom/wombat/internal/impl/snowflake/output_snowflake_put.go:621.10,622.75 1 0
github.com/wombatwisdom/wombat/internal/impl/snowflake/output_snowflake_put.go:626.2,628.79 2 0
github.com/wombatwisdom/wombat/internal/impl/snowflake/output_snowflake_put.go:628.79,630.3 1 0
github.com/wombatwisdom/wombat/internal/impl/snowflake/output_snowflake_put.go:632.2,632.31 1 0
github.com/wombatwisdom/wombat/internal/impl/snowflake/output_snowflake_put.go:632.31,633.77 1 0
github.com/wombatwisdom/wombat/internal/impl/snowflake/output_snowflake_put.go:633.77,635.4 1 0
github.com/wombatwisdom/wombat/internal/impl/snowflake/output_snowflake_put.go:638.2,639.20 2 0
github.com/wombatwisdom/wombat/internal/impl/snowflake/output_snowflake_put.go:639.20,641.77 2 0
github.com/wombatwisdom/wombat/internal/impl/snowflake/output_snowflake_put.go:641.77,643.4 1 0
github.com/wombatwisdom/wombat/internal/impl/snowflake/output_snowflake_put.go:645.3,646.40 2 0
github.com/wombatwisdom/wombat/internal/impl/snowflake/output_snowflake_put.go:646.40,647.78 1 0
github.com/wombatwisdom/wombat/internal/impl/snowflake/output_snowflake_put.go:647.78,649.5 1 0
github.com/wombatwisdom/wombat/internal/impl/snowflake/output_snowflake_put.go:652.3,652.94 1 0
github.com/wombatwisdom/wombat/internal/impl/snowflake/output_snowflake_put.go:652.94,654.4 1 0
github.com/wombatwisdom/wombat/internal/impl/snowflake/output_snowflake_put.go:656.3,656.92 1 0
github.com/wombatwisdom/wombat/internal/impl/snowflake/output_snowflake_put.go:656.92,658.4 1 0
github.com/wombatwisdom/wombat/internal/impl/snowflake/output_snowflake_put.go:659.8,661.3 1 0
github.com/wombatwisdom/wombat/internal/impl/snowflake/output_snowflake_put.go:663.2,664.92 2 0
github.com/wombatwisdom/wombat/internal/impl/snowflake/output_snowflake_put.go:664.92,666.3 1 0
github.com/wombatwisdom/wombat/internal/impl/snowflake/output_snowflake_put.go:666.8,666.35 1 0
github.com/wombatwisdom/wombat/internal/impl/snowflake/output_snowflake_put.go:666.35,672.3 3 0
github.com/wombatwisdom/wombat/internal/impl/snowflake/output_snowflake_put.go:674.2,686.17 1 0
github.com/wombatwisdom/wombat/internal/impl/snowflake/output_snowflake_put.go:686.17,688.3 1 0
github.com/wombatwisdom/wombat/internal/impl/snowflake/output_snowflake_put.go:690.2,690.16 1 0
github.com/wombatwisdom/wombat/internal/impl/snowflake/output_snowflake_put.go:695.62,698.16 3 0
github.com/wombatwisdom/wombat/internal/impl/snowflake/output_snowflake_put.go:698.16,700.3 1 0
github.com/wombatwisdom/wombat/internal/impl/snowflake/output_snowflake_put.go:702.2,702.12 1 0
github.com/wombatwisdom/wombat/internal/impl/snowflake/output_snowflake_put.go:707.55,719.2 4 0
github.com/wombatwisdom/wombat/internal/impl/snowflake/output_snowflake_put.go:721.83,730.2 3 0
github.com/wombatwisdom/wombat/internal/impl/snowflake/output_snowflake_put.go:732.105,734.16 2 0
github.com/wombatwisdom/wombat/internal/impl/snowflake/output_snowflake_put.go:734.16,736.3 1 0
github.com/wombatwisdom/wombat/internal/impl/snowflake/output_snowflake_put.go:738.2,752.65 4 0
github.com/wombatwisdom/wombat/internal/impl/snowflake/output_snowflake_put.go:752.65,754.3 1 0
github.com/wombatwisdom/wombat/internal/impl/snowflake/output_snowflake_put.go:756.2,757.16 2 0
github.com/wombatwisdom/wombat/internal/impl/snowflake/output_snowflake_put.go:757.16,759.3 1 0
github.com/wombatwisdom/wombat/internal/impl/snowflake/output_snowflake_put.go:760.2,764.16 4 0
github.com/wombatwisdom/wombat/internal/impl/snowflake/output_snowflake_put.go:764.16,766.3 1 0
github.com/wombatwisdom/wombat/internal/impl/snowflake/output_snowflake_put.go:767.2,769.38 2 0
github.com/wombatwisdom/wombat/internal/impl/snowflake/output_snowflake_put.go:769.38,771.3 1 0
github.com/wombatwisdom/wombat/internal/impl/snowflake/output_snowflake_put.go:773.2,776.71 2 0
github.com/wombatwisdom/wombat/internal/impl/snowflake/output_snowflake_put.go:776.71,778.3 1 0
github.com/wombatwisdom/wombat/internal/impl/snowflake/output_snowflake_put.go:779.2,779.43 1 0
github.com/wombatwisdom/wombat/internal/impl/snowflake/output_snowflake_put.go:779.43,781.3 1 0
github.com/wombatwisdom/wombat/internal/impl/snowflake/output_snowflake_put.go:783.2,783.12 1 0
github.com/wombatwisdom/wombat/internal/impl/snowflake/output_snowflake_put.go:786.93,789.17 3 0
github.com/wombatwisdom/wombat/internal/impl/snowflake/output_snowflake_put.go:789.17,791.3 1 0
github.com/wombatwisdom/wombat/internal/impl/snowflake/output_snowflake_put.go:793.2,805.28 3 0
github.com/wombatwisdom/wombat/internal/impl/snowflake/output_snowflake_put.go:805.28,811.56 2 0
github.com/wombatwisdom/wombat/internal/impl/snowflake/output_snowflake_put.go:811.56,813.4 1 0
github.com/wombatwisdom/wombat/internal/impl/snowflake/output_snowflake_put.go:813.9,813.27 1 0
github.com/wombatwisdom/wombat/internal/impl/snowflake/output_snowflake_put.go:813.27,815.4 1 0
github.com/wombatwisdom/wombat/internal/impl/snowflake/output_snowflake_put.go:817.3,817.59 1 0
github.com/wombatwisdom/wombat/internal/impl/snowflake/output_snowflake_put.go:817.59,819.4 1 0
github.com/wombatwisdom/wombat/internal/impl/snowflake/output_snowflake_put.go:821.3,821.64 1 0
github.com/wombatwisdom/wombat/internal/impl/snowflake/output_snowflake_put.go:821.64,823.4 1 0
github.com/wombatwisdom/wombat/internal/impl/snowflake/output_snowflake_put.go:825.3,825.62 1 0
github.com/wombatwisdom/wombat/internal/impl/snowflake/output_snowflake_put.go:825.62,827.4 1 0
github.com/wombatwisdom/wombat/internal/impl/snowflake/output_snowflake_put.go:829.3,829.72 1 0
github.com/wombatwisdom/wombat/internal/impl/snowflake/output_snowflake_put.go:829.72,831.4 1 0
github.com/wombatwisdom/wombat/internal/impl/snowflake/output_snowflake_put.go:831.9,831.35 1 0
github.com/wombatwisdom/wombat/internal/impl/snowflake/output_snowflake_put.go:831.35,833.4 1 0
github.com/wombatwisdom/wombat/internal/impl/snowflake/output_snowflake_put.go:835.3,835.24 1 0
github.com/wombatwisdom/wombat/internal/impl/snowflake/output_snowflake_put.go:835.24,836.63 1 0
github.com/wombatwisdom/wombat/internal/impl/snowflake/output_snowflake_put.go:836.63,838.5 1 0
github.com/wombatwisdom/wombat/internal/impl/snowflake/output_snowflake_put.go:841.3,842.17 2 0
github.com/wombatwisdom/wombat/internal/impl/snowflake/output_snowflake_put.go:842.17,844.4 1 0
github.com/wombatwisdom/wombat/internal/impl/snowflake/output_snowflake_put.go:846.3,846.43 1 0
github.com/wombatwisdom/wombat/internal/impl/snowflake/output_snowflake_put.go:850.2,850.31 1 0
github.com/wombatwisdom/wombat/internal/impl/snowflake/output_snowflake_put.go:850.31,852.22 2 0
github.com/wombatwisdom/wombat/internal/impl/snowflake/output_snowflake_put.go:852.22,854.18 2 0
github.com/wombatwisdom/wombat/internal/impl/snowflake/output_snowflake_put.go:854.18,856.5 1 0
github.com/wombatwisdom/wombat/internal/impl/snowflake/output_snowflake_put.go:858.4,858.29 1 0
github.com/wombatwisdom/wombat/internal/impl/snowflake/output_snowflake_put.go:861.3,862.21 2 0
github.com/wombatwisdom/wombat/internal/impl/snowflake/output_snowflake_put.go:862.21,864.4 1 0
github.com/wombatwisdom/wombat/internal/impl/snowflake/output_snowflake_put.go:866.3,871.17 3 0
github.com/wombatwisdom/wombat/internal/impl/snowflake/output_snowflake_put.go:871.17,873.4 1 0
github.com/wombatwisdom/wombat/internal/impl/snowflake/output_snowflake_put.go:875.3,875.23 1 0
github.com/wombatwisdom/wombat/internal/impl/snowflake/output_snowflake_put.go:875.23,878.79 2 0
github.com/wombatwisdom/wombat/internal/impl/snowflake/output_snowflake_put.go:878.79,880.5 1 0
github.com/wombatwisdom/wombat/internal/impl/snowflake/output_snowflake_put.go:884.2,884.12 1 0
github.com/wombatwisdom/wombat/internal/impl/snowflake/output_snowflake_put.go:887.60,892.2 3 0
github.com/wombatwisdom/wombat/public/components/mongodb/change_stream/change_stream_input.go:9.40,23.2 1 1
github.com/wombatwisdom/wombat/public/components/mongodb/change_stream/change_stream_input.go:25.13,28.83 1 1
github.com/wombatwisdom/wombat/public/components/mongodb/change_stream/change_stream_input.go:28.83,30.18 2 0
github.com/wombatwisdom/wombat/public/components/mongodb/change_stream/change_stream_input.go:30.18,32.5 1 0
github.com/wombatwisdom/wombat/public/components/mongodb/change_stream/change_stream_input.go:34.4,34.53 1 0
github.com/wombatwisdom/wombat/public/components/mongodb/change_stream/change_stream_input.go:36.2,36.16 1 1
github.com/wombatwisdom/wombat/public/components/mongodb/change_stream/change_stream_input.go:36.16,37.13 1 0
github.com/wombatwisdom/wombat/public/components/mongodb/change_stream/change_stream_input.go:41.107,43.16 2 0
github.com/wombatwisdom/wombat/public/components/mongodb/change_stream/change_stream_input.go:43.16,45.3 1 0
github.com/wombatwisdom/wombat/public/components/mongodb/change_stream/change_stream_input.go:47.2,52.16 3 0
github.com/wombatwisdom/wombat/public/components/mongodb/change_stream/change_stream_input.go:52.16,54.3 1 0
github.com/wombatwisdom/wombat/public/components/mongodb/change_stream/change_stream_input.go:56.2,57.16 2 0
github.com/wombatwisdom/wombat/public/components/mongodb/change_stream/change_stream_input.go:57.16,59.3 1 0
github.com/wombatwisdom/wombat/public/components/mongodb/change_stream/change_stream_input.go:61.2,63.8 1 0
github.com/wombatwisdom/wombat/public/components/mongodb/change_stream/change_stream_input.go:70.64,72.2 1 0
github.com/wombatwisdom/wombat/public/components/mongodb/change_stream/change_stream_input.go:74.98,75.21 1 0
github.com/wombatwisdom/wombat/public/components/mongodb/change_stream/change_stream_input.go:75.21,77.3 1 0
github.com/wombatwisdom/wombat/public/components/mongodb/change_stream/change_stream_input.go:79.2,80.16 2 0
github.com/wombatwisdom/wombat/public/components/mongodb/change_stream/change_stream_input.go:80.16,82.3 1 0
github.com/wombatwisdom/wombat/public/components/mongodb/change_stream/change_stream_input.go:84.2,84.57 1 0
github.com/wombatwisdom/wombat/public/components/mongodb/change_stream/change_stream_input.go:84.57,86.3 1 0
github.com/wombatwisdom/wombat/public/components/mongodb/change_stream/change_stream_input.go:89.62,91.2 1 0
github.com/wombatwisdom/wombat/public/components/mongodb/change_stream/change_stream_reader.go:26.112,27.22 1 1
github.com/wombatwisdom/wombat/public/components/mongodb/change_stream/change_stream_reader.go:27.22,29.16 2 0
github.com/wombatwisdom/wombat/public/components/mongodb/change_stream/change_stream_reader.go:29.16,31.4 1 0
github.com/wombatwisdom/wombat/public/components/mongodb/change_stream/change_stream_reader.go:33.3,33.25 1 0
github.com/wombatwisdom/wombat/public/components/mongodb/change_stream/change_stream_reader.go:33.25,36.18 2 0
github.com/wombatwisdom/wombat/public/components/mongodb/change_stream/change_stream_reader.go:36.18,38.5 1 0
github.com/wombatwisdom/wombat/public/components/mongodb/change_stream/change_stream_reader.go:39.4,39.58 1 0
github.com/wombatwisdom/wombat/public/components/mongodb/change_stream/change_stream_reader.go:40.9,43.4 1 0
github.com/wombatwisdom/wombat/public/components/mongodb/change_stream/change_stream_reader.go:44.8,47.3 1 1
github.com/wombatwisdom/wombat/public/components/mongodb/change_stream/change_stream_reader.go:57.83,61.2 1 1
github.com/wombatwisdom/wombat/public/components/mongodb/change_stream/change_stream_reader.go:63.65,67.16 3 1
github.com/wombatwisdom/wombat/public/components/mongodb/change_stream/change_stream_reader.go:67.16,69.3 1 1
github.com/wombatwisdom/wombat/public/components/mongodb/change_stream/change_stream_reader.go:71.2,72.16 2 1
github.com/wombatwisdom/wombat/public/components/mongodb/change_stream/change_stream_reader.go:72.16,74.3 1 1
github.com/wombatwisdom/wombat/public/components/mongodb/change_stream/change_stream_reader.go:76.2,76.12 1 0
github.com/wombatwisdom/wombat/public/components/mongodb/change_stream/change_stream_reader.go:79.63,81.17 2 1
github.com/wombatwisdom/wombat/public/components/mongodb/change_stream/change_stream_reader.go:81.17,83.3 1 0
github.com/wombatwisdom/wombat/public/components/mongodb/change_stream/change_stream_reader.go:85.2,85.16 1 1
github.com/wombatwisdom/wombat/public/components/mongodb/change_stream/change_stream_reader.go:85.16,87.3 1 0
github.com/wombatwisdom/wombat/public/components/mongodb/change_stream/change_stream_reader.go:89.2,89.12 1 1
github.com/wombatwisdom/wombat/public/components/mongodb/change_stream/change_stream_reader.go:92.82,93.17 1 1
github.com/wombatwisdom/wombat/public/components/mongodb/change_stream/change_stream_reader.go:93.17,95.3 1 1
github.com/wombatwisdom/wombat/public/components/mongodb/change_stream/change_stream_reader.go:97.2,98.12 2 0
github.com/wombatwisdom/wombat/public/components/mongodb/change_stream/change_stream_reader.go:98.12,100.3 1 0
github.com/wombatwisdom/wombat/public/components/mongodb/change_stream/change_stream_reader.go:103.2,104.16 2 0
github.com/wombatwisdom/wombat/public/components/mongodb/change_stream/change_stream_reader.go:104.16,106.3 1 0
github.com/wombatwisdom/wombat/public/components/mongodb/change_stream/change_stream_reader.go:108.2,111.17 3 0
github.com/wombatwisdom/wombat/public/components/mongodb/config.go:15.68,17.16 2 0
github.com/wombatwisdom/wombat/public/components/mongodb/config.go:17.16,19.3 1 0
github.com/wombatwisdom/wombat/public/components/mongodb/config.go:21.2,23.8 1 0
github.com/wombatwisdom/wombat/public/components/mongodb/config.go:30.70,31.17 1 1
github.com/wombatwisdom/wombat/public/components/mongodb/config.go:31.17,33.3 1 1
github.com/wombatwisdom/wombat/public/components/mongodb/config.go:35.2,37.31 2 1
github.com/wombatwisdom/wombat/public/components/nats/auth.go:18.31,50.2 1 1
github.com/wombatwisdom/wombat/public/components/nats/auth.go:52.43,72.2 1 1
github.com/wombatwisdom/wombat/public/components/nats/auth.go:83.71,85.25 2 1
github.com/wombatwisdom/wombat/public/components/nats/auth.go:85.25,86.69 1 0
github.com/wombatwisdom/wombat/public/components/nats/auth.go:86.69,87.50 1 0
github.com/wombatwisdom/wombat/public/components/nats/auth.go:87.50,87.64 1 0
github.com/wombatwisdom/wombat/public/components/nats/auth.go:88.9,90.4 1 0
github.com/wombatwisdom/wombat/public/components/nats/auth.go:98.2,98.36 1 1
github.com/wombatwisdom/wombat/public/components/nats/auth.go:98.36,103.3 1 1
github.com/wombatwisdom/wombat/public/components/nats/auth.go:105.2,105.51 1 1
github.com/wombatwisdom/wombat/public/components/nats/auth.go:105.51,109.3 1 0
github.com/wombatwisdom/wombat/public/components/nats/auth.go:111.2,111.13 1 1
github.com/wombatwisdom/wombat/public/components/nats/auth.go:115.78,116.29 1 0
github.com/wombatwisdom/wombat/public/components/nats/auth.go:116.29,117.63 1 0
github.com/wombatwisdom/wombat/public/components/nats/auth.go:117.63,119.4 1 0
github.com/wombatwisdom/wombat/public/components/nats/auth.go:121.2,121.41 1 0
github.com/wombatwisdom/wombat/public/components/nats/auth.go:121.41,122.86 1 0
github.com/wombatwisdom/wombat/public/components/nats/auth.go:122.86,124.4 1 0
github.com/wombatwisdom/wombat/public/components/nats/auth.go:126.2,126.60 1 0
github.com/wombatwisdom/wombat/public/components/nats/auth.go:126.60,127.30 1 0
github.com/wombatwisdom/wombat/public/components/nats/auth.go:127.30,130.4 2 0
github.com/wombatwisdom/wombat/public/components/nats/auth.go:131.3,131.36 1 0
github.com/wombatwisdom/wombat/public/components/nats/auth.go:131.36,134.4 2 0
github.com/wombatwisdom/wombat/public/components/nats/auth.go:135.3,135.61 1 0
github.com/wombatwisdom/wombat/public/components/nats/auth.go:135.61,137.4 1 0
github.com/wombatwisdom/wombat/public/components/nats/auth.go:138.3,138.72 1 0
github.com/wombatwisdom/wombat/public/components/nats/auth.go:138.72,140.4 1 0
github.com/wombatwisdom/wombat/public/components/nats/auth.go:142.2,142.8 1 0
github.com/wombatwisdom/wombat/public/components/nats/auth.go:145.74,146.32 1 1
github.com/wombatwisdom/wombat/public/components/nats/auth.go:146.32,148.17 2 1
github.com/wombatwisdom/wombat/public/components/nats/auth.go:148.17,150.4 1 0
github.com/wombatwisdom/wombat/public/components/nats/auth.go:151.3,153.43 2 1
github.com/wombatwisdom/wombat/public/components/nats/auth.go:157.72,158.44 1 1
github.com/wombatwisdom/wombat/public/components/nats/auth.go:158.44,160.17 2 1
github.com/wombatwisdom/wombat/public/components/nats/auth.go:160.17,162.4 1 0
github.com/wombatwisdom/wombat/public/components/nats/auth.go:163.3,166.17 3 1
github.com/wombatwisdom/wombat/public/components/nats/auth.go:166.17,168.4 1 0
github.com/wombatwisdom/wombat/public/components/nats/auth.go:169.3,172.18 3 1
github.com/wombatwisdom/wombat/public/components/nats/auth.go:177.28,178.21 1 1
github.com/wombatwisdom/wombat/public/components/nats/auth.go:178.21,180.3 1 1
github.com/wombatwisdom/wombat/public/components/nats/auth.go:183.43,186.32 2 1
github.com/wombatwisdom/wombat/public/components/nats/auth.go:186.32,188.3 1 1
github.com/wombatwisdom/wombat/public/components/nats/auth.go:190.2,191.16 2 0
github.com/wombatwisdom/wombat/public/components/nats/auth.go:191.16,193.3 1 0
github.com/wombatwisdom/wombat/public/components/nats/auth.go:195.2,195.40 1 0
github.com/wombatwisdom/wombat/public/components/nats/auth.go:198.32,199.31 1 0
github.com/wombatwisdom/wombat/public/components/nats/auth.go:199.31,204.40 4 0
github.com/wombatwisdom/wombat/public/components/nats/auth.go:204.40,205.25 1 0
github.com/wombatwisdom/wombat/public/components/nats/auth.go:205.25,207.5 1 0
github.com/wombatwisdom/wombat/public/components/nats/auth.go:208.4,208.22 1 0
github.com/wombatwisdom/wombat/public/components/nats/auth.go:209.9,211.4 1 0
github.com/wombatwisdom/wombat/public/components/nats/auth.go:213.3,213.19 1 0
github.com/wombatwisdom/wombat/public/components/nats/auth.go:216.2,217.16 2 0
github.com/wombatwisdom/wombat/public/components/nats/auth.go:217.16,219.3 1 0
github.com/wombatwisdom/wombat/public/components/nats/auth.go:220.2,220.18 1 0
github.com/wombatwisdom/wombat/public/components/nats/auth.go:223.72,225.16 2 1
github.com/wombatwisdom/wombat/public/components/nats/auth.go:225.16,227.3 1 0
github.com/wombatwisdom/wombat/public/components/nats/auth.go:229.2,230.16 2 1
github.com/wombatwisdom/wombat/public/components/nats/auth.go:230.16,232.3 1 0
github.com/wombatwisdom/wombat/public/components/nats/auth.go:233.2,235.22 2 1
github.com/wombatwisdom/wombat/public/components/nats/connection.go:16.52,23.2 1 1
github.com/wombatwisdom/wombat/public/components/nats/connection.go:25.52,30.2 1 1
github.com/wombatwisdom/wombat/public/components/nats/connection.go:41.119,47.61 5 0
github.com/wombatwisdom/wombat/public/components/nats/connection.go:47.61,49.3 1 0
github.com/wombatwisdom/wombat/public/components/nats/connection.go:50.2,53.74 3 0
github.com/wombatwisdom/wombat/public/components/nats/connection.go:53.74,55.3 1 0
github.com/wombatwisdom/wombat/public/components/nats/connection.go:56.2,56.17 1 0
github.com/wombatwisdom/wombat/public/components/nats/connection.go:56.17,58.3 1 0
github.com/wombatwisdom/wombat/public/components/nats/connection.go:60.2,60.80 1 0
github.com/wombatwisdom/wombat/public/components/nats/connection.go:60.80,62.3 1 0
github.com/wombatwisdom/wombat/public/components/nats/connection.go:63.2,63.8 1 0
github.com/wombatwisdom/wombat/public/components/nats/connection.go:66.98,68.22 2 0
github.com/wombatwisdom/wombat/public/components/nats/connection.go:68.22,70.3 1 0
github.com/wombatwisdom/wombat/public/components/nats/connection.go:71.2,75.38 5 0
github.com/wombatwisdom/wombat/public/components/nats/docs.go:7.41,17.2 1 1
github.com/wombatwisdom/wombat/public/components/nats/docs.go:19.46,21.2 1 1
github.com/wombatwisdom/wombat/public/components/nats/docs.go:22.47,24.2 1 1
github.com/wombatwisdom/wombat/public/components/nats/errors.go:9.61,10.82 1 0
github.com/wombatwisdom/wombat/public/components/nats/errors.go:10.82,11.16 1 0
github.com/wombatwisdom/wombat/public/components/nats/errors.go:11.16,13.4 1 0
github.com/wombatwisdom/wombat/public/components/nats/errors.go:14.3,14.17 1 0
github.com/wombatwisdom/wombat/public/components/nats/errors.go:14.17,16.48 2 0
github.com/wombatwisdom/wombat/public/components/nats/errors.go:16.48,18.5 1 0
github.com/wombatwisdom/wombat/public/components/nats/errors.go:20.3,20.52 1 0
github.com/wombatwisdom/wombat/public/components/nats/input_jetstream.go:18.53,90.2 1 1
github.com/wombatwisdom/wombat/public/components/nats/input_jetstream.go:92.13,95.88 1 1
github.com/wombatwisdom/wombat/public/components/nats/input_jetstream.go:95.88,97.18 2 0
github.com/wombatwisdom/wombat/public/components/nats/input_jetstream.go:97.18,99.5 1 0
github.com/wombatwisdom/wombat/public/components/nats/input_jetstream.go:100.4,100.88 1 0
github.com/wombatwisdom/wombat/public/components/nats/input_jetstream.go:102.2,102.16 1 1
github.com/wombatwisdom/wombat/public/components/nats/input_jetstream.go:102.16,103.13 1 0
github.com/wombatwisdom/wombat/public/components/nats/input_jetstream.go:128.113,136.77 3 0
github.com/wombatwisdom/wombat/public/components/nats/input_jetstream.go:136.77,138.3 1 0
github.com/wombatwisdom/wombat/public/components/nats/input_jetstream.go:140.2,141.16 2 0
github.com/wombatwisdom/wombat/public/components/nats/input_jetstream.go:141.16,143.3 1 0
github.com/wombatwisdom/wombat/public/components/nats/input_jetstream.go:145.2,146.16 2 0
github.com/wombatwisdom/wombat/public/components/nats/input_jetstream.go:146.16,148.3 1 0
github.com/wombatwisdom/wombat/public/components/nats/input_jetstream.go:150.2,151.16 2 0
github.com/wombatwisdom/wombat/public/components/nats/input_jetstream.go:151.16,153.3 1 0
github.com/wombatwisdom/wombat/public/components/nats/input_jetstream.go:155.2,156.16 2 0
github.com/wombatwisdom/wombat/public/components/nats/input_jetstream.go:156.16,158.3 1 0
github.com/wombatwisdom/wombat/public/components/nats/input_jetstream.go:159.2,159.17 1 0
github.com/wombatwisdom/wombat/public/components/nats/input_jetstream.go:160.13,161.51 1 0
github.com/wombatwisdom/wombat/public/components/nats/input_jetstream.go:162.14,163.52 1 0
github.com/wombatwisdom/wombat/public/components/nats/input_jetstream.go:164.26,165.62 1 0
github.com/wombatwisdom/wombat/public/components/nats/input_jetstream.go:166.13,167.51 1 0
github.com/wombatwisdom/wombat/public/components/nats/input_jetstream.go:168.23,171.17 3 0
github.com/wombatwisdom/wombat/public/components/nats/input_jetstream.go:171.17,173.4 1 0
github.com/wombatwisdom/wombat/public/components/nats/input_jetstream.go:175.3,176.17 2 0
github.com/wombatwisdom/wombat/public/components/nats/input_jetstream.go:176.17,178.4 1 0
github.com/wombatwisdom/wombat/public/components/nats/input_jetstream.go:180.3,180.34 1 0
github.com/wombatwisdom/wombat/public/components/nats/input_jetstream.go:182.27,186.17 3 0
github.com/wombatwisdom/wombat/public/components/nats/input_jetstream.go:186.17,188.4 1 0
github.com/wombatwisdom/wombat/public/components/nats/input_jetstream.go:189.3,189.33 1 0
github.com/wombatwisdom/wombat/public/components/nats/input_jetstream.go:190.10,191.74 1 0
github.com/wombatwisdom/wombat/public/components/nats/input_jetstream.go:194.2,195.16 2 0
github.com/wombatwisdom/wombat/public/components/nats/input_jetstream.go:195.16,197.3 1 0
github.com/wombatwisdom/wombat/public/components/nats/input_jetstream.go:198.2,198.19 1 0
github.com/wombatwisdom/wombat/public/components/nats/input_jetstream.go:198.19,200.3 1 0
github.com/wombatwisdom/wombat/public/components/nats/input_jetstream.go:200.8,200.27 1 0
github.com/wombatwisdom/wombat/public/components/nats/input_jetstream.go:200.27,202.3 1 0
github.com/wombatwisdom/wombat/public/components/nats/input_jetstream.go:204.2,205.16 2 0
github.com/wombatwisdom/wombat/public/components/nats/input_jetstream.go:205.16,207.3 1 0
github.com/wombatwisdom/wombat/public/components/nats/input_jetstream.go:208.2,208.22 1 0
github.com/wombatwisdom/wombat/public/components/nats/input_jetstream.go:208.22,210.17 2 0
github.com/wombatwisdom/wombat/public/components/nats/input_jetstream.go:210.17,212.4 1 0
github.com/wombatwisdom/wombat/public/components/nats/input_jetstream.go:215.2,215.77 1 0
github.com/wombatwisdom/wombat/public/components/nats/input_jetstream.go:215.77,217.3 1 0
github.com/wombatwisdom/wombat/public/components/nats/input_jetstream.go:219.2,219.64 1 0
github.com/wombatwisdom/wombat/public/components/nats/input_jetstream.go:219.64,221.3 1 0
github.com/wombatwisdom/wombat/public/components/nats/input_jetstream.go:223.2,223.69 1 0
github.com/wombatwisdom/wombat/public/components/nats/input_jetstream.go:223.69,225.3 1 0
github.com/wombatwisdom/wombat/public/components/nats/input_jetstream.go:227.2,227.32 1 0
github.com/wombatwisdom/wombat/public/components/nats/input_jetstream.go:227.32,229.17 2 0
github.com/wombatwisdom/wombat/public/components/nats/input_jetstream.go:229.17,231.4 1 0
github.com/wombatwisdom/wombat/public/components/nats/input_jetstream.go:232.3,232.22 1 0
github.com/wombatwisdom/wombat/public/components/nats/input_jetstream.go:235.2,235.16 1 0
github.com/wombatwisdom/wombat/public/components/nats/input_jetstream.go:240.68,244.23 3 0
github.com/wombatwisdom/wombat/public/components/nats/input_jetstream.go:244.23,246.3 1 0
github.com/wombatwisdom/wombat/public/components/nats/input_jetstream.go:248.2,250.15 2 0
github.com/wombatwisdom/wombat/public/components/nats/input_jetstream.go:250.15,251.17 1 0
github.com/wombatwisdom/wombat/public/components/nats/input_jetstream.go:251.17,252.23 1 0
github.com/wombatwisdom/wombat/public/components/nats/input_jetstream.go:252.23,254.5 1 0
github.com/wombatwisdom/wombat/public/components/nats/input_jetstream.go:258.2,258.56 1 0
github.com/wombatwisdom/wombat/public/components/nats/input_jetstream.go:258.56,260.3 1 0
github.com/wombatwisdom/wombat/public/components/nats/input_jetstream.go:262.2,263.16 2 0
github.com/wombatwisdom/wombat/public/components/nats/input_jetstream.go:263.16,265.3 1 0
github.com/wombatwisdom/wombat/public/components/nats/input_jetstream.go:267.2,267.12 1 0
github.com/wombatwisdom/wombat/public/components/nats/input_jetstream.go:267.12,269.17 2 0
github.com/wombatwisdom/wombat/public/components/nats/input_jetstream.go:269.17,271.4 1 0
github.com/wombatwisdom/wombat/public/components/nats/input_jetstream.go:272.8,274.17 2 0
github.com/wombatwisdom/wombat/public/components/nats/input_jetstream.go:274.17,276.4 1 0
github.com/wombatwisdom/wombat/public/components/nats/input_jetstream.go:279.2,280.12 2 0
github.com/wombatwisdom/wombat/public/components/nats/input_jetstream.go:283.40,288.23 4 0
github.com/wombatwisdom/wombat/public/components/nats/input_jetstream.go:288.23,291.3 2 0
github.com/wombatwisdom/wombat/public/components/nats/input_jetstream.go:294.105,295.23 1 0
github.com/wombatwisdom/wombat/public/components/nats/input_jetstream.go:295.23,297.3 1 0
github.com/wombatwisdom/wombat/public/components/nats/input_jetstream.go:299.2,300.16 2 0
github.com/wombatwisdom/wombat/public/components/nats/input_jetstream.go:300.16,305.3 1 0
github.com/wombatwisdom/wombat/public/components/nats/input_jetstream.go:306.2,306.25 1 0
github.com/wombatwisdom/wombat/public/components/nats/input_jetstream.go:306.25,308.3 1 0
github.com/wombatwisdom/wombat/public/components/nats/input_jetstream.go:310.2,312.35 3 0
github.com/wombatwisdom/wombat/public/components/nats/input_jetstream.go:312.35,313.70 1 0
github.com/wombatwisdom/wombat/public/components/nats/input_jetstream.go:313.70,314.18 1 0
github.com/wombatwisdom/wombat/public/components/nats/input_jetstream.go:314.18,316.5 1 0
github.com/wombatwisdom/wombat/public/components/nats/input_jetstream.go:318.4,318.25 1 0
github.com/wombatwisdom/wombat/public/components/nats/input_jetstream.go:318.25,320.5 1 0
github.com/wombatwisdom/wombat/public/components/nats/input_jetstream.go:320.10,322.5 1 0
github.com/wombatwisdom/wombat/public/components/nats/input_jetstream.go:324.3,324.45 1 0
github.com/wombatwisdom/wombat/public/components/nats/input_jetstream.go:327.2,327.59 1 0
github.com/wombatwisdom/wombat/public/components/nats/input_jetstream.go:327.59,328.30 1 0
github.com/wombatwisdom/wombat/public/components/nats/input_jetstream.go:328.30,329.40 1 0
github.com/wombatwisdom/wombat/public/components/nats/input_jetstream.go:329.40,331.5 1 0
github.com/wombatwisdom/wombat/public/components/nats/input_jetstream.go:334.3,334.13 1 0
github.com/wombatwisdom/wombat/public/components/nats/input_jetstream.go:338.60,339.12 1 0
github.com/wombatwisdom/wombat/public/components/nats/input_jetstream.go:339.12,342.3 2 0
github.com/wombatwisdom/wombat/public/components/nats/input_jetstream.go:343.2,343.9 1 0
github.com/wombatwisdom/wombat/public/components/nats/input_jetstream.go:344.36,344.36 0 0
github.com/wombatwisdom/wombat/public/components/nats/input_jetstream.go:345.20,346.19 1 0
github.com/wombatwisdom/wombat/public/components/nats/input_jetstream.go:348.2,348.12 1 0
github.com/wombatwisdom/wombat/public/components/nats/input_jetstream.go:351.55,356.16 4 0
github.com/wombatwisdom/wombat/public/components/nats/input_jetstream.go:356.16,363.3 6 0
github.com/wombatwisdom/wombat/public/components/nats/input_jetstream.go:365.2,365.29 1 0
github.com/wombatwisdom/wombat/public/components/nats/input_jetstream.go:365.29,367.14 2 0
github.com/wombatwisdom/wombat/public/components/nats/input_jetstream.go:367.14,369.4 1 0
github.com/wombatwisdom/wombat/public/components/nats/input_jetstream.go:372.2,372.12 1 0
github.com/wombatwisdom/wombat/public/components/nats/output_jetstream.go:16.54,43.2 1 1
github.com/wombatwisdom/wombat/public/components/nats/output_jetstream.go:45.13,49.115 1 1
github.com/wombatwisdom/wombat/public/components/nats/output_jetstream.go:49.115,51.18 2 0
github.com/wombatwisdom/wombat/public/components/nats/output_jetstream.go:51.18,53.5 1 0
github.com/wombatwisdom/wombat/public/components/nats/output_jetstream.go:55.4,56.18 2 0
github.com/wombatwisdom/wombat/public/components/nats/output_jetstream.go:56.18,58.5 1 0
github.com/wombatwisdom/wombat/public/components/nats/output_jetstream.go:59.4,60.18 2 0
github.com/wombatwisdom/wombat/public/components/nats/output_jetstream.go:60.18,62.5 1 0
github.com/wombatwisdom/wombat/public/components/nats/output_jetstream.go:63.4,64.45 2 0
github.com/wombatwisdom/wombat/public/components/nats/output_jetstream.go:66.2,66.16 1 1
github.com/wombatwisdom/wombat/public/components/nats/output_jetstream.go:66.16,67.13 1 0
github.com/wombatwisdom/wombat/public/components/nats/output_jetstream.go:89.113,96.77 3 0
github.com/wombatwisdom/wombat/public/components/nats/output_jetstream.go:96.77,98.3 1 0
github.com/wombatwisdom/wombat/public/components/nats/output_jetstream.go:100.2,100.68 1 0
github.com/wombatwisdom/wombat/public/components/nats/output_jetstream.go:100.68,102.3 1 0
github.com/wombatwisdom/wombat/public/components/nats/output_jetstream.go:104.2,104.77 1 0
github.com/wombatwisdom/wombat/public/components/nats/output_jetstream.go:104.77,106.3 1 0
github.com/wombatwisdom/wombat/public/components/nats/output_jetstream.go:108.2,108.77 1 0
github.com/wombatwisdom/wombat/public/components/nats/output_jetstream.go:108.77,110.3 1 0
github.com/wombatwisdom/wombat/public/components/nats/output_jetstream.go:112.2,112.31 1 0
github.com/wombatwisdom/wombat/public/components/nats/output_jetstream.go:112.31,113.75 1 0
github.com/wombatwisdom/wombat/public/components/nats/output_jetstream.go:113.75,115.4 1 0
github.com/wombatwisdom/wombat/public/components/nats/output_jetstream.go:117.2,117.16 1 0
github.com/wombatwisdom/wombat/public/components/nats/output_jetstream.go:122.68,126.23 3 0
github.com/wombatwisdom/wombat/public/components/nats/output_jetstream.go:126.23,128.3 1 0
github.com/wombatwisdom/wombat/public/components/nats/output_jetstream.go:130.2,130.15 1 0
github.com/wombatwisdom/wombat/public/components/nats/output_jetstream.go:130.15,131.38 1 0
github.com/wombatwisdom/wombat/public/components/nats/output_jetstream.go:131.38,133.4 1 0
github.com/wombatwisdom/wombat/public/components/nats/output_jetstream.go:136.2,136.58 1 0
github.com/wombatwisdom/wombat/public/components/nats/output_jetstream.go:136.58,138.3 1 0
github.com/wombatwisdom/wombat/public/components/nats/output_jetstream.go:140.2,140.55 1 0
github.com/wombatwisdom/wombat/public/components/nats/output_jetstream.go:140.55,142.3 1 0
github.com/wombatwisdom/wombat/public/components/nats/output_jetstream.go:144.2,144.12 1 0
github.com/wombatwisdom/wombat/public/components/nats/output_jetstream.go:147.40,151.23 3 0
github.com/wombatwisdom/wombat/public/components/nats/output_jetstream.go:151.23,154.3 2 0
github.com/wombatwisdom/wombat/public/components/nats/output_jetstream.go:155.2,155.12 1 0
github.com/wombatwisdom/wombat/public/components/nats/output_jetstream.go:160.93,161.17 1 0
github.com/wombatwisdom/wombat/public/components/nats/output_jetstream.go:161.17,163.3 1 0
github.com/wombatwisdom/wombat/public/components/nats/output_jetstream.go:165.2,167.28 2 0
github.com/wombatwisdom/wombat/public/components/nats/output_jetstream.go:167.28,169.17 2 0
github.com/wombatwisdom/wombat/public/components/nats/output_jetstream.go:169.17,171.4 1 0
github.com/wombatwisdom/wombat/public/components/nats/output_jetstream.go:173.3,174.17 2 0
github.com/wombatwisdom/wombat/public/components/nats/output_jetstream.go:174.17,176.4 1 0
github.com/wombatwisdom/wombat/public/components/nats/output_jetstream.go:177.3,177.27 1 0
github.com/wombatwisdom/wombat/public/components/nats/output_jetstream.go:181.2,184.27 2 0
github.com/wombatwisdom/wombat/public/components/nats/output_jetstream.go:184.27,185.10 1 0
github.com/wombatwisdom/wombat/public/components/nats/output_jetstream.go:186.19,186.19 0 0
github.com/wombatwisdom/wombat/public/components/nats/output_jetstream.go:187.27,188.14 1 0
github.com/wombatwisdom/wombat/public/components/nats/output_jetstream.go:192.2,192.12 1 0
github.com/wombatwisdom/wombat/public/components/nats/output_jetstream.go:195.60,196.12 1 0
github.com/wombatwisdom/wombat/public/components/nats/output_jetstream.go:196.12,199.3 2 0
github.com/wombatwisdom/wombat/public/components/nats/output_jetstream.go:200.2,200.9 1 0
github.com/wombatwisdom/wombat/public/components/nats/output_jetstream.go:201.36,201.36 0 0
github.com/wombatwisdom/wombat/public/components/nats/output_jetstream.go:202.20,203.19 1 0
github.com/wombatwisdom/wombat/public/components/nats/output_jetstream.go:205.2,205.12 1 0
github.com/wombatwisdom/wombat/public/components/nats/output_jetstream.go:208.79,210.16 2 0
github.com/wombatwisdom/wombat/public/components/nats/output_jetstream.go:210.16,212.3 1 0
github.com/wombatwisdom/wombat/public/components/nats/output_jetstream.go:214.2,216.16 3 0
github.com/wombatwisdom/wombat/public/components/nats/output_jetstream.go:216.16,218.3 1 0
github.com/wombatwisdom/wombat/public/components/nats/output_jetstream.go:220.2,221.30 2 0
github.com/wombatwisdom/wombat/public/components/nats/output_jetstream.go:221.30,223.17 2 0
github.com/wombatwisdom/wombat/public/components/nats/output_jetstream.go:223.17,225.4 1 0
github.com/wombatwisdom/wombat/public/components/nats/output_jetstream.go:227.3,227.29 1 0
github.com/wombatwisdom/wombat/public/components/nats/output_jetstream.go:229.2,229.59 1 0
github.com/wombatwisdom/wombat/public/components/nats/output_jetstream.go:229.59,232.3 2 0
github.com/wombatwisdom/wombat/public/components/nats/output_jetstream.go:234.2,234.19 1 0
github.com/wombatwisdom/wombat/cmd/docs_gen/compat.go:27.90,32.36 4 0
github.com/wombatwisdom/wombat/cmd/docs_gen/compat.go:32.36,34.3 1 0
github.com/wombatwisdom/wombat/cmd/docs_gen/compat.go:36.2,36.40 1 0
github.com/wombatwisdom/wombat/cmd/docs_gen/compat.go:36.40,38.3 1 0
github.com/wombatwisdom/wombat/cmd/docs_gen/compat.go:40.2,40.13 1 0
github.com/wombatwisdom/wombat/cmd/docs_gen/compat.go:43.105,46.46 2 0
github.com/wombatwisdom/wombat/cmd/docs_gen/compat.go:46.46,48.3 1 0
github.com/wombatwisdom/wombat/cmd/docs_gen/compat.go:50.2,50.35 1 0
github.com/wombatwisdom/wombat/cmd/docs_gen/compat.go:50.35,52.3 1 0
github.com/wombatwisdom/wombat/cmd/docs_gen/compat.go:54.2,54.47 1 0
github.com/wombatwisdom/wombat/cmd/docs_gen/compat.go:54.47,58.3 3 0
github.com/wombatwisdom/wombat/cmd/docs_gen/compat.go:60.2,60.13 1 0
github.com/wombatwisdom/wombat/cmd/docs_gen/compat.go:63.98,67.40 3 0
github.com/wombatwisdom/wombat/cmd/docs_gen/compat.go:67.40,69.3 1 0
github.com/wombatwisdom/wombat/cmd/docs_gen/compat.go:71.2,71.13 1 0
github.com/wombatwisdom/wombat/cmd/docs_gen/compat.go:74.92,78.40 3 0
github.com/wombatwisdom/wombat/cmd/docs_gen/compat.go:78.40,80.3 1 0
github.com/wombatwisdom/wombat/cmd/docs_gen/compat.go:82.2,82.13 1 0
github.com/wombatwisdom/wombat/cmd/docs_gen/compat.go:85.95,88.2 2 0
github.com/wombatwisdom/wombat/cmd/docs_gen/compat.go:90.92,91.41 1 0
github.com/wombatwisdom/wombat/cmd/docs_gen/compat.go:91.41,93.3 1 0
github.com/wombatwisdom/wombat/cmd/docs_gen/compat.go:95.2,95.13 1 0
github.com/wombatwisdom/wombat/cmd/docs_gen/compat.go:98.89,101.2 2 0
github.com/wombatwisdom/wombat/cmd/docs_gen/compat.go:103.39,107.2 3 0
github.com/wombatwisdom/wombat/cmd/docs_gen/compat.go:109.40,110.44 1 0
github.com/wombatwisdom/wombat/cmd/docs_gen/compat.go:110.44,112.3 1 0
github.com/wombatwisdom/wombat/cmd/docs_gen/compat.go:113.2,113.12 1 0
github.com/wombatwisdom/wombat/cmd/docs_gen/compat.go:123.60,124.82 1 1
github.com/wombatwisdom/wombat/cmd/docs_gen/compat.go:124.82,126.22 2 1
github.com/wombatwisdom/wombat/cmd/docs_gen/compat.go:126.22,130.4 3 1
github.com/wombatwisdom/wombat/cmd/docs_gen/compat.go:131.3,131.15 1 0
github.com/wombatwisdom/wombat/cmd/docs_gen/compat.go:134.2,134.78 1 1
github.com/wombatwisdom/wombat/cmd/docs_gen/compat.go:134.78,136.22 2 1
github.com/wombatwisdom/wombat/cmd/docs_gen/compat.go:136.22,140.4 2 1
github.com/wombatwisdom/wombat/cmd/docs_gen/compat.go:141.3,141.15 1 0
github.com/wombatwisdom/wombat/cmd/docs_gen/compat.go:144.2,144.86 1 1
github.com/wombatwisdom/wombat/cmd/docs_gen/compat.go:144.86,146.22 2 1
github.com/wombatwisdom/wombat/cmd/docs_gen/compat.go:146.22,150.4 2 1
github.com/wombatwisdom/wombat/cmd/docs_gen/compat.go:151.3,151.15 1 0
github.com/wombatwisdom/wombat/cmd/docs_gen/compat.go:154.2,154.91 1 1
github.com/wombatwisdom/wombat/cmd/docs_gen/compat.go:154.91,156.22 2 0
github.com/wombatwisdom/wombat/cmd/docs_gen/compat.go:156.22,160.4 2 0
github.com/wombatwisdom/wombat/cmd/docs_gen/compat.go:161.3,161.15 1 0
github.com/wombatwisdom/wombat/cmd/docs_gen/compat.go:164.2,164.14 1 1
github.com/wombatwisdom/wombat/cmd/docs_gen/main.go:72.13,80.2 7 1
github.com/wombatwisdom/wombat/cmd/docs_gen/main.go:82.46,83.52 1 0
github.com/wombatwisdom/wombat/cmd/docs_gen/main.go:83.52,84.38 1 0
github.com/wombatwisdom/wombat/cmd/docs_gen/main.go:84.38,86.4 1 0
github.com/wombatwisdom/wombat/cmd/docs_gen/main.go:89.2,89.62 1 0
github.com/wombatwisdom/wombat/cmd/docs_gen/main.go:89.62,90.13 1 0
github.com/wombatwisdom/wombat/cmd/docs_gen/main.go:93.2,93.60 1 0
github.com/wombatwisdom/wombat/cmd/docs_gen/main.go:93.60,94.13 1 0
github.com/wombatwisdom/wombat/cmd/docs_gen/main.go:96.2,96.75 1 0
github.com/wombatwisdom/wombat/cmd/docs_gen/main.go:99.40,108.2 4 0
github.com/wombatwisdom/wombat/cmd/docs_gen/main.go:110.13,144.2 20 0
github.com/wombatwisdom/wombat/cmd/docs_gen/main.go:146.67,147.53 1 0
github.com/wombatwisdom/wombat/cmd/docs_gen/main.go:147.53,149.17 2 0
github.com/wombatwisdom/wombat/cmd/docs_gen/main.go:149.17,150.72 1 0
github.com/wombatwisdom/wombat/cmd/docs_gen/main.go:153.3,156.60 3 0
github.com/wombatwisdom/wombat/cmd/docs_gen/main.go:156.60,157.73 1 0
github.com/wombatwisdom/wombat/cmd/docs_gen/main.go:160.3,160.52 1 0
github.com/wombatwisdom/wombat/cmd/docs_gen/main.go:160.52,161.85 1 0
github.com/wombatwisdom/wombat/cmd/docs_gen/main.go:164.3,164.61 1 0
github.com/wombatwisdom/wombat/cmd/docs_gen/main.go:177.38,179.92 2 0
github.com/wombatwisdom/wombat/cmd/docs_gen/main.go:179.92,183.3 3 0
github.com/wombatwisdom/wombat/cmd/docs_gen/main.go:185.2,192.4 2 0
github.com/wombatwisdom/wombat/cmd/docs_gen/main.go:192.4,196.30 2 0
github.com/wombatwisdom/wombat/cmd/docs_gen/main.go:196.30,197.28 1 0
github.com/wombatwisdom/wombat/cmd/docs_gen/main.go:197.28,199.5 1 0
github.com/wombatwisdom/wombat/cmd/docs_gen/main.go:201.3,201.31 1 0
github.com/wombatwisdom/wombat/cmd/docs_gen/main.go:201.31,203.4 1 0
github.com/wombatwisdom/wombat/cmd/docs_gen/main.go:206.2,207.66 2 0
github.com/wombatwisdom/wombat/cmd/docs_gen/main.go:207.66,208.80 1 0
github.com/wombatwisdom/wombat/cmd/docs_gen/main.go:211.2,211.92 1 0
github.com/wombatwisdom/wombat/cmd/docs_gen/main.go:224.55,225.25 1 0
github.com/wombatwisdom/wombat/cmd/docs_gen/main.go:225.25,226.31 1 0
github.com/wombatwisdom/wombat/cmd/docs_gen/main.go:226.31,235.4 2 0
github.com/wombatwisdom/wombat/cmd/docs_gen/main.go:239.98,240.33 1 0
github.com/wombatwisdom/wombat/cmd/docs_gen/main.go:240.33,241.24 1 0
github.com/wombatwisdom/wombat/cmd/docs_gen/main.go:241.24,243.27 2 0
github.com/wombatwisdom/wombat/cmd/docs_gen/main.go:243.27,245.5 1 0
github.com/wombatwisdom/wombat/cmd/docs_gen/main.go:246.4,246.27 1 0
github.com/wombatwisdom/wombat/cmd/docs_gen/main.go:246.27,248.5 1 0
github.com/wombatwisdom/wombat/cmd/docs_gen/main.go:249.4,249.21 1 0
github.com/wombatwisdom/wombat/cmd/docs_gen/main.go:252.2,252.17 1 0
github.com/wombatwisdom/wombat/cmd/docs_gen/main.go:255.36,257.88 2 0
github.com/wombatwisdom/wombat/cmd/docs_gen/main.go:257.88,260.39 3 0
github.com/wombatwisdom/wombat/cmd/docs_gen/main.go:260.39,262.4 1 0
github.com/wombatwisdom/wombat/cmd/docs_gen/main.go:263.3,263.55 1 0
github.com/wombatwisdom/wombat/cmd/docs_gen/main.go:266.2,280.4 2 0
github.com/wombatwisdom/wombat/cmd/docs_gen/main.go:280.4,284.30 2 0
github.com/wombatwisdom/wombat/cmd/docs_gen/main.go:284.30,286.46 2 0
github.com/wombatwisdom/wombat/cmd/docs_gen/main.go:286.46,288.5 1 0
github.com/wombatwisdom/wombat/cmd/docs_gen/main.go:290.3,290.29 1 0
github.com/wombatwisdom/wombat/cmd/docs_gen/main.go:290.29,292.4 1 0
github.com/wombatwisdom/wombat/cmd/docs_gen/main.go:295.2,295.29 1 0
github.com/wombatwisdom/wombat/cmd/docs_gen/main.go:295.29,296.59 1 0
github.com/wombatwisdom/wombat/cmd/docs_gen/main.go:296.59,299.4 2 0
github.com/wombatwisdom/wombat/cmd/docs_gen/main.go:302.2,304.16 3 0
github.com/wombatwisdom/wombat/cmd/docs_gen/main.go:304.16,305.78 1 0
github.com/wombatwisdom/wombat/cmd/docs_gen/main.go:308.2,308.88 1 0
github.com/wombatwisdom/wombat/cmd/docs_gen/main.go:311.29,313.16 2 0
github.com/wombatwisdom/wombat/cmd/docs_gen/main.go:313.16,314.62 1 0
github.com/wombatwisdom/wombat/cmd/docs_gen/main.go:317.2,318.32 2 0
github.com/wombatwisdom/wombat/cmd/docs_gen/main.go:318.32,319.45 1 0
github.com/wombatwisdom/wombat/cmd/docs_gen/main.go:319.45,321.4 1 0
github.com/wombatwisdom/wombat/cmd/docs_gen/main.go:323.2,326.58 3 0
github.com/wombatwisdom/wombat/cmd/docs_gen/main.go:326.58,327.63 1 0
github.com/wombatwisdom/wombat/cmd/docs_gen/main.go:330.2,330.92 1 0
github.com/wombatwisdom/wombat/cmd/docs_gen/main.go:333.25,335.16 2 0
github.com/wombatwisdom/wombat/cmd/docs_gen/main.go:335.16,336.61 1 0
github.com/wombatwisdom/wombat/cmd/docs_gen/main.go:339.2,340.57 2 0
github.com/wombatwisdom/wombat/cmd/docs_gen/main.go:340.57,341.62 1 0
github.com/wombatwisdom/wombat/cmd/docs_gen/main.go:344.2,344.83 1 0
github.com/wombatwisdom/wombat/cmd/docs_gen/main.go:347.27,349.16 2 0
github.com/wombatwisdom/wombat/cmd/docs_gen/main.go:349.16,350.63 1 0
github.com/wombatwisdom/wombat/cmd/docs_gen/main.go:353.2,354.59 2 0
github.com/wombatwisdom/wombat/cmd/docs_gen/main.go:354.59,355.64 1 0
github.com/wombatwisdom/wombat/cmd/docs_gen/main.go:358.2,358.87 1 0
github.com/wombatwisdom/wombat/cmd/docs_gen/main.go:361.30,363.16 2 0
github.com/wombatwisdom/wombat/cmd/docs_gen/main.go:363.16,364.65 1 0
github.com/wombatwisdom/wombat/cmd/docs_gen/main.go:367.2,368.62 2 0
github.com/wombatwisdom/wombat/cmd/docs_gen/main.go:368.62,369.66 1 0
github.com/wombatwisdom/wombat/cmd/docs_gen/main.go:372.2,372.90 1 0
github.com/wombatwisdom/wombat/public/components/gcp_bigtable/output.go:18.13,21.115 1 1
github.com/wombatwisdom/wombat/public/components/gcp_bigtable/output.go:21.115,23.18 2 1
github.com/wombatwisdom/wombat/public/components/gcp_bigtable/output.go:23.18,25.5 1 0
github.com/wombatwisdom/wombat/public/components/gcp_bigtable/output.go:27.4,28.18 2 1
github.com/wombatwisdom/wombat/public/components/gcp_bigtable/output.go:28.18,30.5 1 0
github.com/wombatwisdom/wombat/public/components/gcp_bigtable/output.go:31.4,32.18 2 1
github.com/wombatwisdom/wombat/public/components/gcp_bigtable/output.go:32.18,34.5 1 0
github.com/wombatwisdom/wombat/public/components/gcp_bigtable/output.go:35.4,36.45 2 1
github.com/wombatwisdom/wombat/public/components/gcp_bigtable/output.go:38.2,38.16 1 1
github.com/wombatwisdom/wombat/public/components/gcp_bigtable/output.go:38.16,39.13 1 0
github.com/wombatwisdom/wombat/public/components/gcp_bigtable/output.go:67.107,69.16 2 1
github.com/wombatwisdom/wombat/public/components/gcp_bigtable/output.go:69.16,71.3 1 0
github.com/wombatwisdom/wombat/public/components/gcp_bigtable/output.go:73.2,74.16 2 1
github.com/wombatwisdom/wombat/public/components/gcp_bigtable/output.go:74.16,76.3 1 0
github.com/wombatwisdom/wombat/public/components/gcp_bigtable/output.go:78.2,79.16 2 1
github.com/wombatwisdom/wombat/public/components/gcp_bigtable/output.go:79.16,81.3 1 0
github.com/wombatwisdom/wombat/public/components/gcp_bigtable/output.go:83.2,84.16 2 1
github.com/wombatwisdom/wombat/public/components/gcp_bigtable/output.go:84.16,86.3 1 0
github.com/wombatwisdom/wombat/public/components/gcp_bigtable/output.go:88.2,89.16 2 1
github.com/wombatwisdom/wombat/public/components/gcp_bigtable/output.go:89.16,91.3 1 0
github.com/wombatwisdom/wombat/public/components/gcp_bigtable/output.go:93.2,94.16 2 1
github.com/wombatwisdom/wombat/public/components/gcp_bigtable/output.go:94.16,96.3 1 0
github.com/wombatwisdom/wombat/public/components/gcp_bigtable/output.go:98.2,99.16 2 1
github.com/wombatwisdom/wombat/public/components/gcp_bigtable/output.go:99.16,101.3 1 0
github.com/wombatwisdom/wombat/public/components/gcp_bigtable/output.go:103.2,104.16 2 1
github.com/wombatwisdom/wombat/public/components/gcp_bigtable/output.go:104.16,106.3 1 0
github.com/wombatwisdom/wombat/public/components/gcp_bigtable/output.go:108.2,109.39 2 1
github.com/wombatwisdom/wombat/public/components/gcp_bigtable/output.go:109.39,111.17 2 0
github.com/wombatwisdom/wombat/public/components/gcp_bigtable/output.go:111.17,113.4 1 0
github.com/wombatwisdom/wombat/public/components/gcp_bigtable/output.go:116.2,125.8 1 1
github.com/wombatwisdom/wombat/public/components/gcp_bigtable/output.go:142.64,143.22 1 1
github.com/wombatwisdom/wombat/public/components/gcp_bigtable/output.go:143.22,147.17 2 1
github.com/wombatwisdom/wombat/public/components/gcp_bigtable/output.go:147.17,149.4 1 0
github.com/wombatwisdom/wombat/public/components/gcp_bigtable/output.go:151.3,153.17 2 1
github.com/wombatwisdom/wombat/public/components/gcp_bigtable/output.go:153.17,155.4 1 0
github.com/wombatwisdom/wombat/public/components/gcp_bigtable/output.go:156.8,164.33 3 0
github.com/wombatwisdom/wombat/public/components/gcp_bigtable/output.go:164.33,167.4 2 0
github.com/wombatwisdom/wombat/public/components/gcp_bigtable/output.go:167.9,170.18 3 0
github.com/wombatwisdom/wombat/public/components/gcp_bigtable/output.go:170.18,172.5 1 0
github.com/wombatwisdom/wombat/public/components/gcp_bigtable/output.go:173.4,173.60 1 0
github.com/wombatwisdom/wombat/public/components/gcp_bigtable/output.go:176.3,177.17 2 0
github.com/wombatwisdom/wombat/public/components/gcp_bigtable/output.go:177.17,179.4 1 0
github.com/wombatwisdom/wombat/public/components/gcp_bigtable/output.go:181.3,181.15 1 0
github.com/wombatwisdom/wombat/public/components/gcp_bigtable/output.go:184.2,185.12 2 1
github.com/wombatwisdom/wombat/public/components/gcp_bigtable/output.go:188.95,190.16 2 1
github.com/wombatwisdom/wombat/public/components/gcp_bigtable/output.go:190.16,192.3 1 0
github.com/wombatwisdom/wombat/public/components/gcp_bigtable/output.go:194.2,195.16 2 1
github.com/wombatwisdom/wombat/public/components/gcp_bigtable/output.go:195.16,197.3 1 0
github.com/wombatwisdom/wombat/public/components/gcp_bigtable/output.go:199.2,200.16 2 1
github.com/wombatwisdom/wombat/public/components/gcp_bigtable/output.go:200.16,202.3 1 0
github.com/wombatwisdom/wombat/public/components/gcp_bigtable/output.go:204.2,204.19 1 1
github.com/wombatwisdom/wombat/public/components/gcp_bigtable/output.go:204.19,206.3 1 0
github.com/wombatwisdom/wombat/public/components/gcp_bigtable/output.go:208.2,208.12 1 1
github.com/wombatwisdom/wombat/public/components/gcp_bigtable/output.go:211.62,212.16 1 1
github.com/wombatwisdom/wombat/public/components/gcp_bigtable/output.go:212.16,214.3 1 1
github.com/wombatwisdom/wombat/public/components/gcp_bigtable/output.go:216.2,216.12 1 0
github.com/wombatwisdom/wombat/public/components/gcp_bigtable/output.go:219.86,221.28 2 1
github.com/wombatwisdom/wombat/public/components/gcp_bigtable/output.go:221.28,223.17 2 1
github.com/wombatwisdom/wombat/public/components/gcp_bigtable/output.go:223.17,225.4 1 0
github.com/wombatwisdom/wombat/public/components/gcp_bigtable/output.go:227.3,228.17 2 1
github.com/wombatwisdom/wombat/public/components/gcp_bigtable/output.go:228.17,230.4 1 0
github.com/wombatwisdom/wombat/public/components/gcp_bigtable/output.go:232.3,232.15 1 1
github.com/wombatwisdom/wombat/public/components/gcp_bigtable/output.go:232.15,233.12 1 0
github.com/wombatwisdom/wombat/public/components/gcp_bigtable/output.go:236.3,237.10 2 1
github.com/wombatwisdom/wombat/public/components/gcp_bigtable/output.go:237.10,239.4 1 0
github.com/wombatwisdom/wombat/public/components/gcp_bigtable/output.go:241.3,241.30 1 1
github.com/wombatwisdom/wombat/public/components/gcp_bigtable/output.go:244.2,244.20 1 1
github.com/wombatwisdom/wombat/public/components/gcp_bigtable/output.go:247.100,250.28 2 1
github.com/wombatwisdom/wombat/public/components/gcp_bigtable/output.go:250.28,252.17 2 1
github.com/wombatwisdom/wombat/public/components/gcp_bigtable/output.go:252.17,254.4 1 0
github.com/wombatwisdom/wombat/public/components/gcp_bigtable/output.go:256.3,256.17 1 1
github.com/wombatwisdom/wombat/public/components/gcp_bigtable/output.go:256.17,258.4 1 1
github.com/wombatwisdom/wombat/public/components/gcp_bigtable/output.go:261.2,261.20 1 1
github.com/wombatwisdom/wombat/public/components/gcp_bigtable/output.go:264.91,266.16 2 1
github.com/wombatwisdom/wombat/public/components/gcp_bigtable/output.go:266.16,268.3 1 0
github.com/wombatwisdom/wombat/public/components/gcp_bigtable/output.go:270.2,271.16 2 1
github.com/wombatwisdom/wombat/public/components/gcp_bigtable/output.go:271.16,273.3 1 0
github.com/wombatwisdom/wombat/public/components/gcp_bigtable/output.go:275.2,275.14 1 1
github.com/wombatwisdom/wombat/public/components/gcp_bigtable/output.go:275.14,277.3 1 0
github.com/wombatwisdom/wombat/public/components/gcp_bigtable/output.go:279.2,280.9 2 1
github.com/wombatwisdom/wombat/public/components/gcp_bigtable/output.go:280.9,282.3 1 0
github.com/wombatwisdom/wombat/public/components/gcp_bigtable/output.go:284.2,285.27 2 1
github.com/wombatwisdom/wombat/public/components/gcp_bigtable/output.go:285.27,287.10 2 1
github.com/wombatwisdom/wombat/public/components/gcp_bigtable/output.go:287.10,289.4 1 0
github.com/wombatwisdom/wombat/public/components/gcp_bigtable/output.go:291.3,291.27 1 1
github.com/wombatwisdom/wombat/public/components/gcp_bigtable/output.go:291.27,293.18 2 1
github.com/wombatwisdom/wombat/public/components/gcp_bigtable/output.go:293.18,295.5 1 0
github.com/wombatwisdom/wombat/public/components/gcp_bigtable/output.go:297.4,297.38 1 1
github.com/wombatwisdom/wombat/public/components/gcp_bigtable/output.go:301.2,301.17 1 1
